2019-01-01 16:58:12,448 - check_repeat_url - INFO - 判断 <https://jobs.51job.com/ningbo-hsq/103065860.html> 是否重复
2019-01-01 16:58:12,455 - check_repeat_url - INFO - ==> 未重复: https://jobs.51job.com/ningbo-hsq/103065860.html
2019-01-01 16:58:13,470 - check_repeat_url - INFO - 判断 <https://jobs.51job.com/ningbo-nhx/106460150.html> 是否重复
2019-01-01 16:58:13,477 - check_repeat_url - INFO - ==> 未重复: https://jobs.51job.com/ningbo-nhx/106460150.html
2019-01-01 16:58:14,491 - check_repeat_url - INFO - 判断 <https://jobs.51job.com/ningbo-gx/108420126.html> 是否重复
2019-01-01 16:58:14,502 - check_repeat_url - INFO - ==> 未重复: https://jobs.51job.com/ningbo-gx/108420126.html
2019-01-01 16:58:15,516 - check_repeat_url - INFO - 判断 <https://jobs.51job.com/ningbo/109510858.html> 是否重复
2019-01-01 16:58:15,522 - check_repeat_url - INFO - ==> 未重复: https://jobs.51job.com/ningbo/109510858.html
2019-01-01 16:58:16,535 - check_repeat_url - INFO - 判断 <https://jobs.51job.com/ningbo-gx/106444848.html> 是否重复
2019-01-01 16:58:17,552 - check_repeat_url - INFO - 判断 <https://jobs.51job.com/ningbo-gx/109498654.html> 是否重复
2019-01-01 16:58:17,560 - check_repeat_url - INFO - ==> 未重复: https://jobs.51job.com/ningbo-gx/109498654.html
2019-01-01 16:58:18,574 - check_repeat_url - INFO - 判断 <https://jobs.51job.com/ningbo-gx/106444848.html> 是否重复
2019-01-01 16:58:19,589 - check_repeat_url - INFO - 判断 <https://jobs.51job.com/ningbo-nhx/106460150.html> 是否重复
2019-01-01 16:58:19,597 - check_repeat_url - INFO - ==> 未重复: https://jobs.51job.com/ningbo-nhx/106460150.html
2019-01-01 16:58:20,611 - check_repeat_url - INFO - 判断 <https://jobs.51job.com/ningbo-gx/108420126.html> 是否重复
2019-01-01 16:58:21,625 - check_repeat_url - INFO - 判断 <https://jobs.51job.com/ningbo-yys/87060462.html> 是否重复
2019-01-01 16:58:22,639 - check_repeat_url - INFO - 判断 <https://jobs.51job.com/beijing/86643242.html> 是否重复
2019-01-01 16:58:22,647 - check_repeat_url - INFO - ==> 未重复: https://jobs.51job.com/beijing/86643242.html
2019-01-01 16:58:23,660 - check_repeat_url - INFO - 判断 <https://jobs.51job.com/ningbo-yzq/101697731.html> 是否重复
2019-01-01 16:58:23,667 - check_repeat_url - INFO - ==> 未重复: https://jobs.51job.com/ningbo-yzq/101697731.html
2019-01-01 16:58:24,688 - check_repeat_url - INFO - 判断 <https://jobs.51job.com/shijiazhuang/99961867.html> 是否重复
2019-01-01 16:58:24,696 - check_repeat_url - INFO - ==> 未重复: https://jobs.51job.com/shijiazhuang/99961867.html
2019-01-01 16:58:25,714 - check_repeat_url - INFO - 判断 <https://jobs.51job.com/ningbo-hsq/109266264.html> 是否重复
2019-01-01 16:58:25,720 - check_repeat_url - INFO - ==> 未重复: https://jobs.51job.com/ningbo-hsq/109266264.html
2019-01-01 16:58:26,736 - check_repeat_url - INFO - 判断 <https://jobs.51job.com/ningbo-yzq/70642920.html> 是否重复
2019-01-01 16:58:27,750 - check_repeat_url - INFO - 判断 <https://jobs.51job.com/ningbo/99647674.html> 是否重复
2019-01-01 16:58:27,757 - check_repeat_url - INFO - ==> 未重复: https://jobs.51job.com/ningbo/99647674.html
2019-01-01 16:58:28,772 - check_repeat_url - INFO - 判断 <https://jobs.51job.com/ningbo-hsq/91106312.html> 是否重复
2019-01-01 16:58:28,780 - check_repeat_url - INFO - ==> 未重复: https://jobs.51job.com/ningbo-hsq/91106312.html
2019-01-01 16:58:29,795 - check_repeat_url - INFO - 判断 <https://jobs.51job.com/ningbo-hsq/107692955.html> 是否重复
2019-01-01 16:58:29,802 - check_repeat_url - INFO - ==> 未重复: https://jobs.51job.com/ningbo-hsq/107692955.html
2019-01-01 16:58:30,817 - check_repeat_url - INFO - 判断 <https://jobs.51job.com/ningbo/83859994.html> 是否重复
2019-01-01 16:58:30,823 - check_repeat_url - INFO - ==> 未重复: https://jobs.51job.com/ningbo/83859994.html
2019-01-01 16:58:31,837 - check_repeat_url - INFO - 判断 <https://jobs.51job.com/ningbo-yzq/106180263.html> 是否重复
2019-01-01 16:58:31,844 - check_repeat_url - INFO - ==> 未重复: https://jobs.51job.com/ningbo-yzq/106180263.html
2019-01-01 16:58:32,860 - check_repeat_url - INFO - 判断 <https://jobs.51job.com/ningbo-yzq/101697731.html> 是否重复
2019-01-01 16:58:34,111 - check_repeat_url - INFO - 判断 <https://jobs.51job.com/nanjing-jyq/88582819.html> 是否重复
2019-01-01 16:58:34,119 - check_repeat_url - INFO - ==> 未重复: https://jobs.51job.com/nanjing-jyq/88582819.html
2019-01-01 16:58:35,133 - check_repeat_url - INFO - 判断 <https://jobs.51job.com/nanjing-jnq/103574274.html> 是否重复
2019-01-01 16:58:35,140 - check_repeat_url - INFO - ==> 未重复: https://jobs.51job.com/nanjing-jnq/103574274.html
2019-01-01 16:58:36,153 - check_repeat_url - INFO - 判断 <https://jobs.51job.com/nanjing-pkq/52735390.html> 是否重复
2019-01-01 16:58:36,160 - check_repeat_url - INFO - ==> 未重复: https://jobs.51job.com/nanjing-pkq/52735390.html
2019-01-01 16:58:37,175 - check_repeat_url - INFO - 判断 <https://jobs.51job.com/nanjing/91258010.html> 是否重复
2019-01-01 16:58:37,182 - check_repeat_url - INFO - ==> 未重复: https://jobs.51job.com/nanjing/91258010.html
2019-01-01 16:58:38,195 - check_repeat_url - INFO - 判断 <https://jobs.51job.com/nanjing-qhq/108913528.html> 是否重复
2019-01-01 16:58:38,202 - check_repeat_url - INFO - ==> 未重复: https://jobs.51job.com/nanjing-qhq/108913528.html
2019-01-01 16:58:39,216 - check_repeat_url - INFO - 判断 <https://jobs.51job.com/nanjing/63483816.html> 是否重复
2019-01-01 16:58:39,222 - check_repeat_url - INFO - ==> 未重复: https://jobs.51job.com/nanjing/63483816.html
2019-01-01 16:58:40,237 - check_repeat_url - INFO - 判断 <https://jobs.51job.com/nanjing-jnq/64982003.html> 是否重复
2019-01-01 16:58:40,244 - check_repeat_url - INFO - ==> 未重复: https://jobs.51job.com/nanjing-jnq/64982003.html
2019-01-01 16:58:41,258 - check_repeat_url - INFO - 判断 <https://jobs.51job.com/nanjing-jyq/104521732.html> 是否重复
2019-01-01 16:58:41,265 - check_repeat_url - INFO - ==> 未重复: https://jobs.51job.com/nanjing-jyq/104521732.html
2019-01-01 16:58:42,279 - check_repeat_url - INFO - 判断 <https://jobs.51job.com/nanjing-qhq/106563468.html> 是否重复
2019-01-01 16:58:42,286 - check_repeat_url - INFO - ==> 未重复: https://jobs.51job.com/nanjing-qhq/106563468.html
2019-01-01 16:58:43,300 - check_repeat_url - INFO - 判断 <https://jobs.51job.com/nanjing-jnq/106974804.html> 是否重复
2019-01-01 16:58:43,307 - check_repeat_url - INFO - ==> 未重复: https://jobs.51job.com/nanjing-jnq/106974804.html
2019-01-01 16:58:44,321 - check_repeat_url - INFO - 判断 <https://jobs.51job.com/nanjing/63483816.html> 是否重复
2019-01-01 16:58:45,336 - check_repeat_url - INFO - 判断 <https://jobs.51job.com/nanjing-qhq/106563468.html> 是否重复
2019-01-01 16:58:46,349 - check_repeat_url - INFO - 判断 <https://jobs.51job.com/nanjing/100574168.html> 是否重复
2019-01-01 16:58:46,356 - check_repeat_url - INFO - ==> 未重复: https://jobs.51job.com/nanjing/100574168.html
2019-01-01 16:58:47,372 - check_repeat_url - INFO - 判断 <https://jobs.51job.com/nanjing/44083848.html> 是否重复
2019-01-01 16:58:47,378 - check_repeat_url - INFO - ==> 未重复: https://jobs.51job.com/nanjing/44083848.html
2019-01-01 16:58:48,393 - check_repeat_url - INFO - 判断 <https://jobs.51job.com/nanjing-jyq/98751017.html> 是否重复
2019-01-01 16:58:48,401 - check_repeat_url - INFO - ==> 未重复: https://jobs.51job.com/nanjing-jyq/98751017.html
2019-01-01 16:58:49,415 - check_repeat_url - INFO - 判断 <https://jobs.51job.com/nanjing-jnq/106974804.html> 是否重复
2019-01-01 16:58:50,430 - check_repeat_url - INFO - 判断 <https://jobs.51job.com/nanjing/97405546.html> 是否重复
2019-01-01 16:58:50,437 - check_repeat_url - INFO - ==> 未重复: https://jobs.51job.com/nanjing/97405546.html
2019-01-01 16:58:51,452 - check_repeat_url - INFO - 判断 <https://jobs.51job.com/nanjing-yhtq/105367890.html> 是否重复
2019-01-01 16:58:51,459 - check_repeat_url - INFO - ==> 未重复: https://jobs.51job.com/nanjing-yhtq/105367890.html
2019-01-01 16:58:52,472 - check_repeat_url - INFO - 判断 <https://jobs.51job.com/nanjing-qhq/108913528.html> 是否重复
2019-01-01 16:58:53,487 - check_repeat_url - INFO - 判断 <https://jobs.51job.com/nanjing-jnq/106974804.html> 是否重复
2019-01-01 16:58:54,500 - check_repeat_url - INFO - 判断 <https://jobs.51job.com/nanjing-qhq/106563468.html> 是否重复
2019-01-01 16:58:55,518 - check_repeat_url - INFO - 判断 <https://jobs.51job.com/nanjing-jyq/105849360.html> 是否重复
2019-01-01 16:58:55,525 - check_repeat_url - INFO - ==> 未重复: https://jobs.51job.com/nanjing-jyq/105849360.html
2019-01-01 16:58:56,540 - check_repeat_url - INFO - 判断 <https://jobs.51job.com/nanjing-yhtq/103783828.html> 是否重复
2019-01-01 16:58:56,547 - check_repeat_url - INFO - ==> 未重复: https://jobs.51job.com/nanjing-yhtq/103783828.html
2019-01-01 16:58:57,561 - check_repeat_url - INFO - 判断 <https://jobs.51job.com/nanjing/98702142.html> 是否重复
2019-01-01 16:58:57,568 - check_repeat_url - INFO - ==> 未重复: https://jobs.51job.com/nanjing/98702142.html
2019-01-01 16:58:58,583 - check_repeat_url - INFO - 判断 <https://jobs.51job.com/nanjing/106590432.html> 是否重复
2019-01-01 16:58:58,590 - check_repeat_url - INFO - ==> 未重复: https://jobs.51job.com/nanjing/106590432.html
2019-01-01 16:58:59,605 - check_repeat_url - INFO - 判断 <https://jobs.51job.com/nanjing-jyq/108618798.html> 是否重复
2019-01-01 16:58:59,612 - check_repeat_url - INFO - ==> 未重复: https://jobs.51job.com/nanjing-jyq/108618798.html
2019-01-01 16:59:00,626 - check_repeat_url - INFO - 判断 <https://jobs.51job.com/nanjing/58809837.html> 是否重复
2019-01-01 16:59:00,634 - check_repeat_url - INFO - ==> 未重复: https://jobs.51job.com/nanjing/58809837.html
2019-01-01 16:59:01,648 - check_repeat_url - INFO - 判断 <https://jobs.51job.com/nanjing-qhq/106981036.html> 是否重复
2019-01-01 16:59:01,654 - check_repeat_url - INFO - ==> 未重复: https://jobs.51job.com/nanjing-qhq/106981036.html
2019-01-01 16:59:02,668 - check_repeat_url - INFO - 判断 <https://jobs.51job.com/nanjing-pkq/104671222.html> 是否重复
2019-01-01 16:59:02,674 - check_repeat_url - INFO - ==> 未重复: https://jobs.51job.com/nanjing-pkq/104671222.html
2019-01-01 16:59:03,689 - check_repeat_url - INFO - 判断 <https://jobs.51job.com/nanjing-jnq/99198317.html> 是否重复
2019-01-01 16:59:03,696 - check_repeat_url - INFO - ==> 未重复: https://jobs.51job.com/nanjing-jnq/99198317.html
2019-01-01 16:59:04,709 - check_repeat_url - INFO - 判断 <https://jobs.51job.com/nanjing-jyq/108618798.html> 是否重复
2019-01-01 16:59:05,722 - check_repeat_url - INFO - 判断 <https://jobs.51job.com/nanjing-jyq/107116443.html> 是否重复
2019-01-01 16:59:05,729 - check_repeat_url - INFO - ==> 未重复: https://jobs.51job.com/nanjing-jyq/107116443.html
2019-01-01 16:59:06,742 - check_repeat_url - INFO - 判断 <https://jobs.51job.com/nanjing/98839689.html> 是否重复
2019-01-01 16:59:06,749 - check_repeat_url - INFO - ==> 未重复: https://jobs.51job.com/nanjing/98839689.html
2019-01-01 16:59:07,763 - check_repeat_url - INFO - 判断 <https://jobs.51job.com/nanjing-qhq/106981036.html> 是否重复
2019-01-01 16:59:07,769 - check_repeat_url - INFO - ==> 未重复: https://jobs.51job.com/nanjing-qhq/106981036.html
2019-01-01 16:59:08,784 - check_repeat_url - INFO - 判断 <https://jobs.51job.com/nanjing-pkq/101489711.html> 是否重复
2019-01-01 16:59:08,791 - check_repeat_url - INFO - ==> 未重复: https://jobs.51job.com/nanjing-pkq/101489711.html
2019-01-01 16:59:09,804 - check_repeat_url - INFO - 判断 <https://jobs.51job.com/nanjing-pkq/105063583.html> 是否重复
2019-01-01 16:59:09,811 - check_repeat_url - INFO - ==> 未重复: https://jobs.51job.com/nanjing-pkq/105063583.html
2019-01-01 16:59:10,825 - check_repeat_url - INFO - 判断 <https://jobs.51job.com/nanjing-jnq/99198317.html> 是否重复
2019-01-01 16:59:11,839 - check_repeat_url - INFO - 判断 <https://jobs.51job.com/nanjing-qhq/106981036.html> 是否重复
2019-01-01 16:59:12,853 - check_repeat_url - INFO - 判断 <https://jobs.51job.com/nanjing-glq/67250340.html> 是否重复
2019-01-01 16:59:12,860 - check_repeat_url - INFO - ==> 未重复: https://jobs.51job.com/nanjing-glq/67250340.html
